Line 19: Class MSAdodcLib.Adodc of control adodc_participant_no_match was not a loaded control class.
Line 74: Class MSAdodcLib.Adodc of control adodc_participant_no_match_union was not a loaded control class.
Line 137: Class MSDataListLib.DataCombo of control datacombo_frame_set_no_match was not a loaded control class.
Line 159: Class MSDataGridLib.DataGrid of control DataGrid1 was not a loaded control class.
Line 297: Class MSAdodcLib.Adodc of control adodc_entry_schedule_type was not a loaded control class.
Line 344: Class MSAdodcLib.Adodc of control adodc_participant_category was not a loaded control class.
Line 391: Class MSAdodcLib.Adodc of control adodc_participants2 was not a loaded control class.
Line 438: Class MSAdodcLib.Adodc of control adodc_entries2 was not a loaded control class.
Line 485: Class MSAdodcLib.Adodc of control adodc_events2 was not a loaded control class.
Line 574: Class MSDataGridLib.DataGrid of control datagrid_frame_slider was not a loaded control class.
Line 679: Class MSDataListLib.DataCombo of control datacombo_entry_schedule was not a loaded control class.
Line 852: Class MSAdodcLib.Adodc of control adodc_entries was not a loaded control class.
Line 899: Class MSAdodcLib.Adodc of control adodc_participants was not a loaded control class.
Line 977: Class MSDataGridLib.DataGrid of control datagrid_entries was not a loaded control class.
Line 1199: Class MSDataGridLib.DataGrid of control datagrid_participants was not a loaded control class.
Line 1389: Class MSDataGridLib.DataGrid of control datagrid_events was not a loaded control class.
Line 1524: Class MSComCtl2.DTPicker of control date_browser was not a loaded control class.
Line 1564: Class MSAdodcLib.Adodc of control adodc_events was not a loaded control class.
Line 1611: Class MSAdodcLib.Adodc of control adodc_event_type was not a loaded control class.
Line 1728: Class MSDataListLib.DataCombo of control datacombo_participant_category was not a loaded control class.
Line 1957: Class MSComCtl2.DTPicker of control date_event_schedule was not a loaded control class.
Line 1988: Class MSDataListLib.DataCombo of control datacombo_event_type was not a loaded control class.
